<?xml version="1.0" encoding="UTF-8"?>
<!-- Generated by org.testng.reporters.JUnitXMLReporter -->
<testsuite hostname="DESKTOP-RKP6EED" ignored="3" name="doctor" tests="1" failures="1" timestamp="07 九月 2017 07:37:18 GMT" time="0.434" errors="0">
  <testcase name="test_01_指定医生创建待处理的订单" time="0.4" classname="com.mingyizhudao.qa.functiontest.doctor.CreateDesignatedOrder">
    <failure type="net.sf.json.JSONException" message="null object">
      <![CDATA[net.sf.json.JSONException: null object
	at net.sf.json.JSONObject.verifyIsNull(JSONObject.java:2744)
	at net.sf.json.JSONObject.getString(JSONObject.java:2087)
	at com.mingyizhudao.qa.functiontest.doctor.CreateOrder.s_CreateOrder(CreateOrder.java:35)
	at com.mingyizhudao.qa.functiontest.doctor.CreateDesignatedOrder.test_01_指定医生创建待处理的订单(CreateDesignatedOrder.java:25)
... Removed 28 stack frames]]>
    </failure>
  </testcase> <!-- test_01_指定医生创建待处理的订单 -->
  <testcase name="test_02_指定医生创建订单_客服领取未推荐专家的医生" time="0.0" classname="com.mingyizhudao.qa.functiontest.doctor.CreateDesignatedOrder">
    <ignored/>
  </testcase> <!-- test_02_指定医生创建订单_客服领取未推荐专家的医生 -->
  <testcase name="test_04_指定医生创建待支付预约金订单_推荐指定的专家_确认合作" time="0.0" classname="com.mingyizhudao.qa.functiontest.doctor.CreateDesignatedOrder">
    <ignored/>
  </testcase> <!-- test_04_指定医生创建待支付预约金订单_推荐指定的专家_确认合作 -->
  <testcase name="test_03_指定医生创建订单_推荐指定的专家" time="0.0" classname="com.mingyizhudao.qa.functiontest.doctor.CreateDesignatedOrder">
    <ignored/>
  </testcase> <!-- test_03_指定医生创建订单_推荐指定的专家 -->
</testsuite> <!-- doctor -->
