<?xml version="1.0" encoding="UTF-8"?>
<testsuite xmlns:xsi="http://www.w3.org/2001/XMLSchema-instance" xsi:schemaLocation="https://maven.apache.org/surefire/maven-surefire-plugin/xsd/surefire-test-report.xsd" name="TestSuite" time="1.66" tests="1" errors="0" skipped="0" failures="1">
  <properties>
[...]
</properties>
  <testcase name="test_01_指定医生创建待处理的订单" classname="com.mingyizhudao.qa.functiontest.doctor.CreateDesignatedOrder" time="0.39">
    <failure message="null object" type="net.sf.json.JSONException">net.sf.json.JSONException: null object
	at com.mingyizhudao.qa.functiontest.doctor.CreateDesignatedOrder.test_01_指定医生创建待处理的订单(CreateDesignatedOrder.java:25)
</failure>
    <system-out><![CDATA[[INFO] file absolute path is C:\Users\TianJing\Documents\Code\serviceapi\logs\com.mingyizhudao.qa.functiontest.doctor.CreateDesignatedOrder.log
[INFO] 发送请求: >>>>>  POST http://services.dev.myzd.info/doctor/api/createorder
[INFO] 请求数据: >>>>>  {"order":{"diagnosis":"WlCSZVzdCNcoRMPRVFAyKYTHgGTCPqIkYtuDTCqNkkQxSeteXBUmIGcTgWrWrzfrYVtiqDeYrwPpAmlLhfpAEHdoiKYtjuJeZZpkGqCpWbkuRVfwooDYMMKVhYKMiGwWzNeZcBclBOoqNolSOixzWUnkjgvlXIkfDbzDfLppJuCiMEibSlwTQrGUfudEMDNOZjOzKejwLdqzuLrtFbxRXLTpIbAoDRAysCCVvySTeFNoZOwWFMvJUwYjVXoXYGVROIwmerojKdQtDWFXKLEJTyCNoSrYedgKUwtqFyXwkIMb","expected_doctor_id":"","expected_surgery_due_date":"2017-09-10","expected_surgery_hospital_id":"","expected_surgery_start_date":"2017-09-09","is_reoperation":1,"major_disease_id":"","medical_record_pictures":[{"key":"2017/05/04/1265834e-97d8-44a0-95e7-047c7facaee8/IMG_20170429_102737.jpg","type":"1"},{"key":"2017/05/04/1315bbe0-2836-4776-8216-ec55044f32dd/IMG_20161013_172442.jpg","type":"1"}],"minor_disease_id":"","patient_age":29,"patient_gender":2,"patient_name":"王二UFrP","patient_phone":"13654389999"}}
[INFO] 等待回应: <<<<<  200 OK
]]></system-out>
  </testcase>
</testsuite>