<?xml version="1.0" encoding="UTF-8"?>
<testng-results skipped="0" failed="1" ignored="3" total="4" passed="0">
  <reporter-output>
    <line>
      <![CDATA[[INFO] 发送请求: >>>>>  POST http://services.dev.myzd.info/doctor/api/createorder]]>
    </line>
    <line>
      <![CDATA[[INFO] 请求数据: >>>>>  {"order":{"diagnosis":"WlCSZVzdCNcoRMPRVFAyKYTHgGTCPqIkYtuDTCqNkkQxSeteXBUmIGcTgWrWrzfrYVtiqDeYrwPpAmlLhfpAEHdoiKYtjuJeZZpkGqCpWbkuRVfwooDYMMKVhYKMiGwWzNeZcBclBOoqNolSOixzWUnkjgvlXIkfDbzDfLppJuCiMEibSlwTQrGUfudEMDNOZjOzKejwLdqzuLrtFbxRXLTpIbAoDRAysCCVvySTeFNoZOwWFMvJUwYjVXoXYGVROIwmerojKdQtDWFXKLEJTyCNoSrYedgKUwtqFyXwkIMb","expected_doctor_id":"","expected_surgery_due_date":"2017-09-10","expected_surgery_hospital_id":"","expected_surgery_start_date":"2017-09-09","is_reoperation":1,"major_disease_id":"","medical_record_pictures":[{"key":"2017/05/04/1265834e-97d8-44a0-95e7-047c7facaee8/IMG_20170429_102737.jpg","type":"1"},{"key":"2017/05/04/1315bbe0-2836-4776-8216-ec55044f32dd/IMG_20161013_172442.jpg","type":"1"}],"minor_disease_id":"","patient_age":29,"patient_gender":2,"patient_name":"王二UFrP","patient_phone":"13654389999"}}]]>
    </line>
    <line>
      <![CDATA[[INFO] 等待回应: <<<<<  200 OK]]>
    </line>
  </reporter-output>
  <suite name="doctor" duration-ms="434" started-at="2017-09-07T07:37:18Z" finished-at="2017-09-07T07:37:18Z">
    <groups>
      <group name="pending">
        <method signature="CreateDesignatedOrder.test_01_指定医生创建待处理的订单()[pri:0, instance:com.mingyizhudao.qa.functiontest.doctor.CreateDesignatedOrder@66480dd7]" name="test_01_指定医生创建待处理的订单" class="com.mingyizhudao.qa.functiontest.doctor.CreateDesignatedOrder"/>
      </group> <!-- pending -->
    </groups>
    <test name="doctor" duration-ms="434" started-at="2017-09-07T07:37:18Z" finished-at="2017-09-07T07:37:18Z">
      <class name="com.mingyizhudao.qa.functiontest.doctor.CreateDesignatedOrder">
        <test-method status="FAIL" signature="test_01_指定医生创建待处理的订单()[pri:0, instance:com.mingyizhudao.qa.functiontest.doctor.CreateDesignatedOrder@66480dd7]" name="test_01_指定医生创建待处理的订单" duration-ms="400" started-at="2017-09-07T15:37:18Z" finished-at="2017-09-07T15:37:18Z">
          <exception class="net.sf.json.JSONException">
            <message>
              <![CDATA[null object]]>
            </message>
            <full-stacktrace>
              <![CDATA[net.sf.json.JSONException: null object
	at net.sf.json.JSONObject.verifyIsNull(JSONObject.java:2744)
	at net.sf.json.JSONObject.getString(JSONObject.java:2087)
	at com.mingyizhudao.qa.functiontest.doctor.CreateOrder.s_CreateOrder(CreateOrder.java:35)
	at com.mingyizhudao.qa.functiontest.doctor.CreateDesignatedOrder.test_01_指定医生创建待处理的订单(CreateDesignatedOrder.java:25)
	at sun.reflect.NativeMethodAccessorImpl.invoke0(Native Method)
	at sun.reflect.NativeMethodAccessorImpl.invoke(NativeMethodAccessorImpl.java:62)
	at sun.reflect.DelegatingMethodAccessorImpl.invoke(DelegatingMethodAccessorImpl.java:43)
	at java.lang.reflect.Method.invoke(Method.java:498)
	at org.testng.internal.MethodInvocationHelper.invokeMethod(MethodInvocationHelper.java:108)
	at org.testng.internal.Invoker.invokeMethod(Invoker.java:661)
	at org.testng.internal.Invoker.invokeTestMethod(Invoker.java:869)
	at org.testng.internal.Invoker.invokeTestMethods(Invoker.java:1193)
	at org.testng.internal.TestMethodWorker.invokeTestMethods(TestMethodWorker.java:126)
	at org.testng.internal.TestMethodWorker.run(TestMethodWorker.java:109)
	at org.testng.TestRunner.privateRun(TestRunner.java:744)
	at org.testng.TestRunner.run(TestRunner.java:602)
	at org.testng.SuiteRunner.runTest(SuiteRunner.java:380)
	at org.testng.SuiteRunner.runSequentially(SuiteRunner.java:375)
	at org.testng.SuiteRunner.privateRun(SuiteRunner.java:340)
	at org.testng.SuiteRunner.run(SuiteRunner.java:289)
	at org.testng.SuiteRunnerWorker.runSuite(SuiteRunnerWorker.java:52)
	at org.testng.SuiteRunnerWorker.run(SuiteRunnerWorker.java:86)
	at org.testng.TestNG.runSuitesSequentially(TestNG.java:1301)
	at org.testng.TestNG.runSuitesLocally(TestNG.java:1226)
	at org.testng.TestNG.runSuites(TestNG.java:1144)
	at org.testng.TestNG.run(TestNG.java:1115)
	at org.apache.maven.surefire.testng.TestNGExecutor.run(TestNGExecutor.java:281)
	at org.apache.maven.surefire.testng.TestNGXmlTestSuite.execute(TestNGXmlTestSuite.java:75)
	at org.apache.maven.surefire.testng.TestNGProvider.invoke(TestNGProvider.java:121)
	at org.apache.maven.surefire.booter.ForkedBooter.invokeProviderInSameClassLoader(ForkedBooter.java:290)
	at org.apache.maven.surefire.booter.ForkedBooter.runSuitesInProcess(ForkedBooter.java:242)
	at org.apache.maven.surefire.booter.ForkedBooter.main(ForkedBooter.java:121)
]]>
            </full-stacktrace>
          </exception> <!-- net.sf.json.JSONException -->
          <reporter-output>
            <line>
              <![CDATA[[INFO] 发送请求: >>>>>  POST http://services.dev.myzd.info/doctor/api/createorder]]>
            </line>
            <line>
              <![CDATA[[INFO] 请求数据: >>>>>  {"order":{"diagnosis":"WlCSZVzdCNcoRMPRVFAyKYTHgGTCPqIkYtuDTCqNkkQxSeteXBUmIGcTgWrWrzfrYVtiqDeYrwPpAmlLhfpAEHdoiKYtjuJeZZpkGqCpWbkuRVfwooDYMMKVhYKMiGwWzNeZcBclBOoqNolSOixzWUnkjgvlXIkfDbzDfLppJuCiMEibSlwTQrGUfudEMDNOZjOzKejwLdqzuLrtFbxRXLTpIbAoDRAysCCVvySTeFNoZOwWFMvJUwYjVXoXYGVROIwmerojKdQtDWFXKLEJTyCNoSrYedgKUwtqFyXwkIMb","expected_doctor_id":"","expected_surgery_due_date":"2017-09-10","expected_surgery_hospital_id":"","expected_surgery_start_date":"2017-09-09","is_reoperation":1,"major_disease_id":"","medical_record_pictures":[{"key":"2017/05/04/1265834e-97d8-44a0-95e7-047c7facaee8/IMG_20170429_102737.jpg","type":"1"},{"key":"2017/05/04/1315bbe0-2836-4776-8216-ec55044f32dd/IMG_20161013_172442.jpg","type":"1"}],"minor_disease_id":"","patient_age":29,"patient_gender":2,"patient_name":"王二UFrP","patient_phone":"13654389999"}}]]>
            </line>
            <line>
              <![CDATA[[INFO] 等待回应: <<<<<  200 OK]]>
            </line>
          </reporter-output>
        </test-method> <!-- test_01_指定医生创建待处理的订单 -->
      </class> <!-- com.mingyizhudao.qa.functiontest.doctor.CreateDesignatedOrder -->
    </test> <!-- doctor -->
  </suite> <!-- doctor -->
</testng-results>
